<?xml version="1.0" encoding="UTF-8"?>
<!-- Generated by org.testng.reporters.JUnitXMLReporter -->
<testsuite ignored="2" hostname="DESKTOP-9CA997L" failures="0" tests="4" name="Test" time="6.836" errors="0" timestamp="2025-02-28T17:23:00 IST">
  <testcase classname="com.ninza.hrm.api.employeetest.EmployeeTest" name="addEmpoyeeTest" time="3.668"/>
  <testcase classname="com.ninza.hrm.api.employeetest.EmployeeTest" name="addEmpoyeeWithoutEmailTest" time="0.561"/>
  <testcase classname="com.ninza.hrm.api.projecttest.ProjectTest" name="addSingleProjectWithCreated" time="2.252"/>
  <testcase classname="com.ninza.hrm.api.projecttest.ProjectTest" name="createDuplicateProjectTest" time="0.283"/>
  <testcase classname="com.ninza.hrm.api.baseclass.BaseApiClass" name="@AfterSuite configAS" time="0.0">
    <ignored/>
  </testcase> <!-- @AfterSuite configAS -->
  <testcase classname="com.ninza.hrm.api.baseclass.BaseApiClass" name="@BeforeSuite configBS" time="0.0">
    <ignored/>
  </testcase> <!-- @BeforeSuite configBS -->
</testsuite> <!-- Test -->
