<?xml version="1.0" encoding="UTF-8"?>
<testng-results ignored="2" total="6" passed="4" failed="0" skipped="0">
  <reporter-output>
  </reporter-output>
  <suite started-at="2025-02-28T17:22:53 IST" name="Suite" finished-at="2025-02-28T17:23:00 IST" duration-ms="6836">
    <groups>
    </groups>
    <test started-at="2025-02-28T17:22:53 IST" name="Test" finished-at="2025-02-28T17:23:00 IST" duration-ms="6836">
      <class name="com.ninza.hrm.api.projecttest.ProjectTest">
        <test-method signature="addSingleProjectWithCreated()[pri:0, instance:com.ninza.hrm.api.projecttest.ProjectTest@54e1c68b]" started-at="2025-02-28T17:22:58 IST" name="addSingleProjectWithCreated" finished-at="2025-02-28T17:23:00 IST" duration-ms="2252" status="PASS">
          <reporter-output>
          </reporter-output>
        </test-method> <!-- addSingleProjectWithCreated -->
        <test-method signature="createDuplicateProjectTest()[pri:0, instance:com.ninza.hrm.api.projecttest.ProjectTest@54e1c68b]" started-at="2025-02-28T17:23:00 IST" name="createDuplicateProjectTest" finished-at="2025-02-28T17:23:00 IST" depends-on-methods="com.ninza.hrm.api.projecttest.ProjectTest.addSingleProjectWithCreated" duration-ms="283" status="PASS">
          <reporter-output>
          </reporter-output>
        </test-method> <!-- createDuplicateProjectTest -->
      </class> <!-- com.ninza.hrm.api.projecttest.ProjectTest -->
      <class name="com.ninza.hrm.api.employeetest.EmployeeTest">
        <test-method is-config="true" signature="configBS()[pri:0, instance:com.ninza.hrm.api.employeetest.EmployeeTest@2d710f1a]" started-at="2025-02-28T17:22:52 IST" name="configBS" finished-at="2025-02-28T17:22:53 IST" duration-ms="1837" status="PASS">
          <reporter-output>
          </reporter-output>
        </test-method> <!-- configBS -->
        <test-method signature="addEmpoyeeTest()[pri:0, instance:com.ninza.hrm.api.employeetest.EmployeeTest@2d710f1a]" started-at="2025-02-28T17:22:54 IST" name="addEmpoyeeTest" finished-at="2025-02-28T17:22:57 IST" duration-ms="3668" status="PASS">
          <reporter-output>
          </reporter-output>
        </test-method> <!-- addEmpoyeeTest -->
        <test-method signature="addEmpoyeeWithoutEmailTest()[pri:0, instance:com.ninza.hrm.api.employeetest.EmployeeTest@2d710f1a]" started-at="2025-02-28T17:22:57 IST" name="addEmpoyeeWithoutEmailTest" finished-at="2025-02-28T17:22:58 IST" duration-ms="561" status="PASS">
          <reporter-output>
          </reporter-output>
        </test-method> <!-- addEmpoyeeWithoutEmailTest -->
        <test-method is-config="true" signature="configAS()[pri:0, instance:com.ninza.hrm.api.employeetest.EmployeeTest@2d710f1a]" started-at="2025-02-28T17:23:00 IST" name="configAS" finished-at="2025-02-28T17:23:00 IST" duration-ms="10" status="PASS">
          <reporter-output>
          </reporter-output>
        </test-method> <!-- configAS -->
      </class> <!-- com.ninza.hrm.api.employeetest.EmployeeTest -->
    </test> <!-- Test -->
  </suite> <!-- Suite -->
</testng-results>
